<?xml version="1.0" encoding="UTF-8"?>
<!-- Generated by org.testng.reporters.JUnitReportReporter -->
<testsuite skipped="0" hostname="LAPTOP-IN47UTGA" name="Test.PromocionTest" tests="1" failures="0" timestamp="2020-02-12T16:21:37 COT" time="18.518" errors="0">
  <testcase name="crearPromocion" time="18.518" classname="Test.PromocionTest"/>
  <system-out/>
</testsuite> <!-- Test.PromocionTest -->
