<?xml version="1.0" encoding="UTF-8"?>
<!-- Generated by org.testng.reporters.JUnitReportReporter -->
<testsuite skipped="0" hostname="LAPTOP-IN47UTGA" name="Test.BuscarTest" tests="1" failures="0" timestamp="2020-02-11T15:46:07 COT" time="1.833" errors="0">
  <testcase name="buscar" time="1.833" classname="Test.BuscarTest"/>
  <system-out/>
</testsuite> <!-- Test.BuscarTest -->
