<?xml version="1.0" encoding="UTF-8"?>
<!-- Generated by org.testng.reporters.JUnitReportReporter -->
<testsuite skipped="0" hostname="LAPTOP-IN47UTGA" name="Test.LoginTest" tests="1" failures="0" timestamp="2020-02-12T10:36:39 COT" time="5.000" errors="0">
  <testcase name="iniciarSesion" time="5.000" classname="Test.LoginTest"/>
  <system-out/>
</testsuite> <!-- Test.LoginTest -->
